<?xml version="1.0" encoding="UTF-8"?>
<!-- Generated by org.testng.reporters.JUnitReportReporter -->
<testsuite hostname="WKWIN9078125" name="qa.test.SerializationDeserializationDBdata" tests="2" failures="0" timestamp="26 Jul 2019 11:35:27 GMT" time="0.639" errors="0">
  <testcase name="Serializationbydbconnect" time="0.636" classname="qa.test.SerializationDeserializationDBdata"/>
  <testcase name="DeserializeDBdata" time="0.003" classname="qa.test.SerializationDeserializationDBdata"/>
</testsuite> <!-- qa.test.SerializationDeserializationDBdata -->
