<?xml version="1.0" encoding="UTF-8"?>
<!-- Generated by org.testng.reporters.JUnitReportReporter -->
<testsuite hostname="WKWIN9078125" name="qa.test.SerializationDeserializeExample" tests="2" failures="0" timestamp="26 Jul 2019 11:35:27 GMT" time="0.201" errors="0">
  <testcase name="weatherdeserialize" time="0.021" classname="qa.test.SerializationDeserializeExample"/>
  <testcase name="weatherserialize" time="0.180" classname="qa.test.SerializationDeserializeExample"/>
</testsuite> <!-- qa.test.SerializationDeserializeExample -->
