<?xml version="1.0" encoding="UTF-8"?>
<!-- Generated by org.testng.reporters.JUnitReportReporter -->
<testsuite hostname="WKWIN9078125" name="qa.test.SerializationDeserializationDBdata" tests="2" failures="0" timestamp="29 Jul 2019 07:56:38 GMT" time="0.565" errors="0">
  <testcase name="Serializationbydbconnect" time="0.562" classname="qa.test.SerializationDeserializationDBdata"/>
  <testcase name="DeserializeDBdata" time="0.003" classname="qa.test.SerializationDeserializationDBdata"/>
</testsuite> <!-- qa.test.SerializationDeserializationDBdata -->
