<?xml version="1.0" encoding="UTF-8"?>
<!-- Generated by org.testng.reporters.JUnitReportReporter -->
<testsuite hostname="WKWIN9078125" name="qa.test.SerializationDeserializationDBdata" tests="2" failures="0" timestamp="29 Jul 2019 05:45:35 GMT" time="1.104" errors="0">
  <testcase name="Serializationbydbconnect" time="1.102" classname="qa.test.SerializationDeserializationDBdata"/>
  <testcase name="DeserializeDBdata" time="0.002" classname="qa.test.SerializationDeserializationDBdata"/>
</testsuite> <!-- qa.test.SerializationDeserializationDBdata -->
