<?xml version="1.0" encoding="UTF-8"?>
<!-- Generated by org.testng.reporters.JUnitReportReporter -->
<testsuite hostname="WKWIN9078125" name="qa.test.SerializationDeserializeExample" tests="2" failures="0" timestamp="29 Jul 2019 05:45:35 GMT" time="0.348" errors="0">
  <testcase name="weatherdeserialize" time="0.050" classname="qa.test.SerializationDeserializeExample"/>
  <testcase name="weatherserialize" time="0.298" classname="qa.test.SerializationDeserializeExample"/>
</testsuite> <!-- qa.test.SerializationDeserializeExample -->
