<?xml version="1.0" encoding="UTF-8"?>
<!-- Generated by org.testng.reporters.JUnitReportReporter -->
<testsuite hostname="WKWIN9078125" name="qa.test.SerializationDeserializeExample" tests="2" failures="0" timestamp="29 Jul 2019 07:56:38 GMT" time="0.164" errors="0">
  <testcase name="weatherserialize" time="0.145" classname="qa.test.SerializationDeserializeExample"/>
  <testcase name="weatherdeserialize" time="0.019" classname="qa.test.SerializationDeserializeExample"/>
</testsuite> <!-- qa.test.SerializationDeserializeExample -->
